...............                                                          [100%]
================================ tests coverage ================================
_______________ coverage: platform linux, python 3.12.3-final-0 ________________

Name                                   Stmts   Miss  Cover   Missing
--------------------------------------------------------------------
src/webpent/tools/recon/httpx.py          60      5    92%   47-56, 126
src/webpent/tools/recon/katana.py         87     15    83%   96-102, 152-153, 157-166, 195, 203, 255, 257
src/webpent/tools/recon/subfinder.py      34      3    91%   44-52
--------------------------------------------------------------------
TOTAL                                    181     23    87%
15 passed in 3.01s
